ShareYourFood/app/build/intermediates/manifest_merge_blame_file/debug/manifest-merger-blame-debug-report.txt
1<?xml version="1.0" encoding="utf-8"?>
2<manifest xmlns:android="http://schemas.android.com/apk/res/android"
3    package="com.example.shareyourfood"
4    android:versionCode="1"
5    android:versionName="1.0" >
6
7    <uses-sdk
8        android:minSdkVersion="19"
8-->src\main\AndroidManifest.xml
9        android:targetSdkVersion="29" />
9-->src\main\AndroidManifest.xml
10
11    <application
11-->src\main\AndroidManifest.xml:5:5-32:19
12        android:allowBackup="true"
12-->src\main\AndroidManifest.xml:6:9-35
13        android:appComponentFactory="androidx.core.app.CoreComponentFactory"
13-->[androidx.core:core:1.3.1] AndroidManifest.xml:24:18-86
14        android:debuggable="true"
15        android:icon="@mipmap/ic_launcher"
15-->src\main\AndroidManifest.xml:7:9-43
16        android:label="@string/app_name"
16-->src\main\AndroidManifest.xml:8:9-41
17        android:roundIcon="@mipmap/ic_launcher_round"
17-->src\main\AndroidManifest.xml:9:9-54
18        android:supportsRtl="true"
18-->src\main\AndroidManifest.xml:10:9-35
19        android:testOnly="true"
20        android:theme="@style/Theme.ShareYourFood" >
20-->src\main\AndroidManifest.xml:11:9-51
21        <activity
21-->src\main\AndroidManifest.xml:12:9-16:20
22            android:name="com.example.shareyourfood.Home"
22-->src\main\AndroidManifest.xml:13:13-33
23            android:label="@string/title_activity_home"
23-->src\main\AndroidManifest.xml:14:13-56
24            android:theme="@style/Theme.ShareYourFood.NoActionBar" >
24-->src\main\AndroidManifest.xml:15:13-67
25        </activity>
26        <activity
26-->src\main\AndroidManifest.xml:17:9-19:66
27            android:name="com.example.shareyourfood.SignUp"
27-->src\main\AndroidManifest.xml:18:13-35
28            android:theme="@style/Theme.AppCompat.NoActionBar" />
28-->src\main\AndroidManifest.xml:19:13-63
29        <activity
29-->src\main\AndroidManifest.xml:20:9-22:66
30            android:name="com.example.shareyourfood.SignIn"
30-->src\main\AndroidManifest.xml:21:13-35
31            android:theme="@style/Theme.AppCompat.NoActionBar" />
31-->src\main\AndroidManifest.xml:22:13-63
32        <activity
32-->src\main\AndroidManifest.xml:23:9-31:20
33            android:name="com.example.shareyourfood.MainActivity"
33-->src\main\AndroidManifest.xml:24:13-41
34            android:theme="@style/Theme.AppCompat.NoActionBar" >
34-->src\main\AndroidManifest.xml:25:13-63
35            <intent-filter>
35-->src\main\AndroidManifest.xml:26:13-30:29
36                <action android:name="android.intent.action.MAIN" />
36-->src\main\AndroidManifest.xml:27:17-69
36-->src\main\AndroidManifest.xml:27:25-66
37
38                <category android:name="android.intent.category.LAUNCHER" />
38-->src\main\AndroidManifest.xml:29:17-77
38-->src\main\AndroidManifest.xml:29:27-74
39            </intent-filter>
40        </activity>
41    </application>
42
43</manifest>